<?xml version="1.0" ?>
<coverage branch-rate="1" branches-covered="0" branches-valid="0" complexity="0" line-rate="1" lines-covered="4" lines-valid="4" timestamp="1584371426832" version="5.0.3">
	<!-- Generated by coverage.py: https://coverage.readthedocs.io -->
	<!-- Based on https://raw.githubusercontent.com/cobertura/web/master/htdocs/xml/coverage-04.dtd -->
	<sources>
		<source>/Users/rami.aviad/PycharmProjects/Python_Project_Skeleton/blueprint</source>
	</sources>
	<packages>
		<package branch-rate="1" complexity="0" line-rate="1" name=".">
			<classes>
				<class branch-rate="1" complexity="0" filename="__init__.py" line-rate="1" name="__init__.py">
					<methods/>
					<lines>
						<line hits="1" number="2"/>
					</lines>
				</class>
				<class branch-rate="1" complexity="0" filename="app.py" line-rate="1" name="app.py">
					<methods/>
					<lines>
						<line hits="1" number="3"/>
						<line hits="1" number="5"/>
						<line hits="1" number="7"/>
					</lines>
				</class>
			</classes>
		</package>
	</packages>
</coverage>
